2026-03-12 14:03:27,028 [INFO] segmentacao_app.app: Aplicacao iniciada
2026-03-12 14:17:28,546 [INFO] segmentacao_app.app: Aplicacao iniciada
2026-03-12 14:17:42,216 [INFO] segmentacao_app.app: Aplicacao iniciada
2026-03-12 14:17:49,603 [INFO] segmentacao_app.parser: Demanda parseada: jogo=Gates of Olympus, tag=GIRE_GANHE_GATES_100326, periodo=2026-03-10 11:00:00 a 2026-03-10 23:59:59 BRT, 4 faixas, rollback=desclassifica
2026-03-12 14:17:50,657 [INFO] segmentacao_app.parser: Demanda parseada: jogo=Gates of Olympus, tag=GIRE_GANHE_GATES_100326, periodo=2026-03-10 11:00:00 a 2026-03-10 23:59:59 BRT, 4 faixas, rollback=desclassifica
2026-03-12 14:17:50,658 [INFO] segmentacao_app.parser: Demanda parseada: jogo=Gates of Olympus, tag=GIRE_GANHE_GATES_100326, periodo=2026-03-10 11:00:00 a 2026-03-10 23:59:59 BRT, 4 faixas, rollback=desclassifica
2026-03-12 14:17:50,661 [INFO] segmentacao_app.game_catalog: Buscando jogo 'Gates of Olympus' nos catalogos...
2026-03-12 14:17:51,320 [INFO] segmentacao_app.game_catalog: Redshift: Gates of Olympus -> game_id=vs20olympgate, vendor=pragmaticplay
2026-03-12 14:17:53,536 [INFO] segmentacao_app.game_catalog: Smartico: Gates of Olympus -> smr_game_id=45805477
2026-03-12 14:18:24,072 [INFO] segmentacao_app.engine: Segmentacao concluida: 4964 marcados, 382 jogaram, R$ 58.914,40 net bet
2026-03-12 14:18:24,076 [INFO] segmentacao_app.app: Processamento concluido com sucesso
2026-03-12 14:21:58,195 [INFO] segmentacao_app.app: Aplicacao iniciada
2026-03-12 14:22:10,496 [INFO] segmentacao_app.parser: Demanda parseada: jogo=Sweet Bonanza, tag=GIRE_GANHE_SWEET_110326, periodo=2026-03-11 11:00:00 a 2026-03-11 23:59:59 BRT, 4 faixas, rollback=desclassifica
2026-03-12 14:22:11,461 [INFO] segmentacao_app.parser: Demanda parseada: jogo=Sweet Bonanza, tag=GIRE_GANHE_SWEET_110326, periodo=2026-03-11 11:00:00 a 2026-03-11 23:59:59 BRT, 4 faixas, rollback=desclassifica
2026-03-12 14:22:11,461 [INFO] segmentacao_app.parser: Demanda parseada: jogo=Sweet Bonanza, tag=GIRE_GANHE_SWEET_110326, periodo=2026-03-11 11:00:00 a 2026-03-11 23:59:59 BRT, 4 faixas, rollback=desclassifica
2026-03-12 14:22:11,463 [INFO] segmentacao_app.game_catalog: Buscando jogo 'Sweet Bonanza' nos catalogos...
2026-03-12 14:22:12,104 [INFO] segmentacao_app.game_catalog: Redshift: Sweet Bonanza -> game_id=vs20fruitsw, vendor=pragmaticplay
2026-03-12 14:22:14,373 [INFO] segmentacao_app.game_catalog: Smartico: Sweet Bonanza -> smr_game_id=45883879
2026-03-12 14:22:43,664 [INFO] segmentacao_app.engine: Segmentacao concluida: 4541 marcados, 289 jogaram, R$ 25.591,35 net bet
2026-03-12 14:22:43,666 [INFO] segmentacao_app.app: Processamento concluido com sucesso
2026-03-12 14:28:14,723 [INFO] segmentacao_app.parser: Demanda parseada: jogo=Sweet Bonanza, tag=GIRE_GANHE_SWEET_110326, periodo=2026-03-11 11:00:00 a 2026-03-11 23:59:59 BRT, 4 faixas, rollback=desclassifica
2026-03-12 14:28:15,556 [INFO] segmentacao_app.parser: Demanda parseada: jogo=Sweet Bonanza, tag=GIRE_GANHE_SWEET_110326, periodo=2026-03-11 11:00:00 a 2026-03-11 23:59:59 BRT, 4 faixas, rollback=desclassifica
2026-03-12 14:28:15,556 [INFO] segmentacao_app.parser: Demanda parseada: jogo=Sweet Bonanza, tag=GIRE_GANHE_SWEET_110326, periodo=2026-03-11 11:00:00 a 2026-03-11 23:59:59 BRT, 4 faixas, rollback=desclassifica
2026-03-12 14:28:15,557 [INFO] segmentacao_app.game_catalog: Cache hit: Sweet Bonanza -> vs20fruitsw
2026-03-12 14:28:51,404 [INFO] segmentacao_app.engine: Segmentacao concluida: 4541 marcados, 289 jogaram, R$ 25.591,35 net bet
2026-03-12 14:28:51,407 [INFO] segmentacao_app.app: Processamento concluido com sucesso
